<?xml version="1.0" encoding="UTF-8"?>
<testng-results ignored="0" total="2" passed="2" failed="0" skipped="0">
  <reporter-output>
  </reporter-output>
  <suite started-at="2025-07-10T10:15:57 IST" name="Default suite" finished-at="2025-07-10T10:26:43 IST" duration-ms="646095">
    <groups>
      <group name="cucumber">
        <method signature="AbstractTestNGCucumberTests.runScenario(io.cucumber.testng.PickleWrapper,io.cucumber.testng.FeatureWrapper)[pri:0, instance:TestRunner.CucumberTestRunner@2118cddf]" name="runScenario" class="io.cucumber.testng.AbstractTestNGCucumberTests"/>
      </group> <!-- cucumber -->
    </groups>
    <test started-at="2025-07-10T10:15:57 IST" name="Default test" finished-at="2025-07-10T10:26:43 IST" duration-ms="646095">
      <class name="TestRunner.CucumberTestRunner">
        <test-method is-config="true" signature="setUpClass(org.testng.ITestContext)[pri:0, instance:TestRunner.CucumberTestRunner@2118cddf]" started-at="2025-07-10T10:15:57 IST" name="setUpClass" finished-at="2025-07-10T10:15:58 IST" duration-ms="1025" status="PASS">
          <params>
            <param index="0">
              <value>
                <![CDATA[org.testng.TestRunner@2e6dc94c]]>
              </value>
            </param>
          </params>
          <reporter-output>
          </reporter-output>
        </test-method> <!-- setUpClass -->
        <test-method signature="runScenario(io.cucumber.testng.PickleWrapper,io.cucumber.testng.FeatureWrapper)[pri:0, instance:TestRunner.CucumberTestRunner@2118cddf]" started-at="2025-07-10T10:15:58 IST" name="runScenario" description="Runs Cucumber Scenarios" data-provider="scenarios" finished-at="2025-07-10T10:23:41 IST" duration-ms="462357" status="PASS">
          <params>
            <param index="0">
              <value>
                <![CDATA["Check if BTL pro flow is working fine"]]>
              </value>
            </param>
            <param index="1">
              <value>
                <![CDATA["Check if BTL pro flow is working fine"]]>
              </value>
            </param>
          </params>
          <reporter-output>
          </reporter-output>
        </test-method> <!-- runScenario -->
        <test-method signature="runScenario(io.cucumber.testng.PickleWrapper,io.cucumber.testng.FeatureWrapper)[pri:0, instance:TestRunner.CucumberTestRunner@2118cddf]" started-at="2025-07-10T10:23:41 IST" name="runScenario" description="Runs Cucumber Scenarios" data-provider="scenarios" finished-at="2025-07-10T10:26:43 IST" duration-ms="182609" status="PASS">
          <params>
            <param index="0">
              <value>
                <![CDATA["Check if master page is opening as expected"]]>
              </value>
            </param>
            <param index="1">
              <value>
                <![CDATA["Check if BTL pro flow is working fine"]]>
              </value>
            </param>
          </params>
          <reporter-output>
          </reporter-output>
        </test-method> <!-- runScenario -->
        <test-method is-config="true" signature="tearDownClass()[pri:0, instance:TestRunner.CucumberTestRunner@2118cddf]" started-at="2025-07-10T10:26:43 IST" name="tearDownClass" finished-at="2025-07-10T10:26:43 IST" duration-ms="24" status="PASS">
          <reporter-output>
          </reporter-output>
        </test-method> <!-- tearDownClass -->
      </class> <!-- TestRunner.CucumberTestRunner -->
    </test> <!-- Default test -->
  </suite> <!-- Default suite -->
</testng-results>
